
> app-ideas-finder@0.1.0 dev
> next dev --turbopack -p 3001 -H 0.0.0.0

   ▲ Next.js 15.5.4 (Turbopack)
   - Local:        http://localhost:3001
   - Network:      http://0.0.0.0:3001
   - Environments: .env.local

 ✓ Starting...
 ✓ Compiled middleware in 268ms
 ✓ Ready in 1608ms
Dev bypass enabled: true Path: /profile
✅ Bypassing auth for development
 ○ Compiling /profile ...
 ✓ Compiled /profile in 3.2s
 GET /profile 200 in 3618ms
Dev bypass enabled: true Path: /profile
✅ Bypassing auth for development
 GET /profile 200 in 140ms
 ⚠ Fast Refresh had to perform a full reload due to a runtime error.
Dev bypass enabled: true Path: /profile
✅ Bypassing auth for development
 ✓ Compiled in 119ms
 GET /profile 200 in 331ms
 ⚠ Fast Refresh had to perform a full reload due to a runtime error.
Dev bypass enabled: true Path: /profile
✅ Bypassing auth for development
 ✓ Compiled in 99ms
 GET /profile 200 in 307ms
 ✓ Compiled in 52ms
 ✓ Compiled in 400ms
Dev bypass enabled: true Path: /profile
✅ Bypassing auth for development
 ✓ Compiled /profile in 72ms
 GET /profile 200 in 234ms
Dev bypass enabled: true Path: /profile
✅ Bypassing auth for development
 GET /profile 200 in 298ms
Dev bypass enabled: true Path: /profile
✅ Bypassing auth for development
 GET /profile 200 in 253ms
 ✓ Compiled in 50ms
 ✓ Compiled in 108ms
Dev bypass enabled: true Path: /profile
✅ Bypassing auth for development
 ✓ Compiled in 283ms
 ✓ Compiled /profile in 87ms
 GET /profile 200 in 204ms
Dev bypass enabled: true Path: /homezone
✅ Bypassing auth for development
 ○ Compiling /homezone ...
 ✓ Compiled /homezone in 1517ms
 GET /homezone 200 in 1650ms
Dev bypass enabled: true Path: /profile
✅ Bypassing auth for development
 GET /profile 200 in 88ms
Dev bypass enabled: true Path: /profile
✅ Bypassing auth for development
 GET /profile 200 in 154ms
Dev bypass enabled: true Path: /profile
✅ Bypassing auth for development
 GET /profile 200 in 92ms
 ✓ Compiled in 232ms
 ✓ Compiled in 380ms
 ✓ Compiled in 68ms
 ✓ Compiled in 91ms
 ✓ Compiled in 158ms
 ✓ Compiled in 62ms
 ✓ Compiled in 49ms
 ✓ Compiled in 65ms
 ✓ Compiled in 45ms
 ✓ Compiled in 46ms
 ✓ Compiled in 52ms
 ✓ Compiled in 50ms
 ✓ Compiled in 48ms
Dev bypass enabled: true Path: /profile
✅ Bypassing auth for development
 GET /profile 200 in 817ms
Dev bypass enabled: true Path: /profile
✅ Bypassing auth for development
 GET /profile 200 in 143ms
 ✓ Compiled in 326ms
 ✓ Compiled in 69ms
 ✓ Compiled middleware in 11ms
Dev bypass enabled: true Path: /profile
✅ Bypassing auth for development
 GET /profile 200 in 330ms
Dev bypass enabled: true Path: /profile
✅ Bypassing auth for development
 GET /profile 200 in 88ms
 ✓ Compiled in 129ms
 ✓ Compiled in 126ms
 ✓ Compiled in 84ms
 ✓ Compiled in 142ms
 ✓ Compiled in 78ms
 ✓ Compiled middleware in 3ms
Dev bypass enabled: true Path: /profile
✅ Bypassing auth for development
 GET /profile 200 in 310ms
Dev bypass enabled: true Path: /profile
✅ Bypassing auth for development
 GET /profile 200 in 106ms
 ✓ Compiled middleware in 3ms
Dev bypass enabled: true Path: /profile
✅ Bypassing auth for development
 GET /profile 200 in 220ms
Dev bypass enabled: true Path: /profile
✅ Bypassing auth for development
 GET /profile 200 in 96ms
 ✓ Compiled middleware in 8ms
Dev bypass enabled: true Path: /profile
✅ Bypassing auth for development
 GET /profile 200 in 529ms
Dev bypass enabled: true Path: /profile
✅ Bypassing auth for development
 GET /profile 200 in 151ms
 ✓ Compiled in 456ms
 ✓ Compiled in 151ms
 ✓ Compiled in 470ms
 ✓ Compiled in 147ms
 ✓ Compiled in 202ms
 ✓ Compiled in 206ms
 ✓ Compiled in 143ms
 ✓ Compiled in 490ms
 ✓ Compiled in 111ms
 ✓ Compiled in 540ms
 ✓ Compiled in 503ms
 ✓ Compiled middleware in 25ms
 ✓ Compiled in 159ms
Dev bypass enabled: true Path: /profile
✅ Bypassing auth for development
 GET /profile 200 in 784ms
Dev bypass enabled: true Path: /profile
✅ Bypassing auth for development
 GET /profile 200 in 194ms
 ✓ Compiled in 304ms
 ✓ Compiled in 297ms
 ✓ Compiled in 426ms
 ✓ Compiled in 259ms
 ✓ Compiled in 227ms
 ✓ Compiled in 313ms
 ✓ Compiled in 686ms
 ✓ Compiled in 385ms
 ✓ Compiled in 313ms
 ✓ Compiled in 470ms
 ✓ Compiled in 366ms
 ✓ Compiled in 400ms
 ✓ Compiled in 248ms
 ✓ Compiled in 273ms
 ✓ Compiled in 1537ms
 ✓ Compiled in 264ms
 ⚠ Fast Refresh had to perform a full reload due to a runtime error.
Dev bypass enabled: true Path: /profile
✅ Bypassing auth for development
 GET /profile 200 in 1942ms
 ○ Compiling /favicon.ico ...
 ✓ Compiled /favicon.ico in 2.5s
 GET /favicon.ico?favicon.e871b922.ico 200 in 2902ms
 ✓ Compiled in 1261ms
 ✓ Compiled in 389ms
 ✓ Compiled in 245ms
 ✓ Compiled in 161ms
 ⚠ Fast Refresh had to perform a full reload due to a runtime error.
Dev bypass enabled: true Path: /profile
✅ Bypassing auth for development
 ✓ Compiled /profile in 250ms
 ⚠ Fast Refresh had to perform a full reload due to a runtime error.
 GET /profile 200 in 1061ms
 ⚠ Fast Refresh had to perform a full reload due to a runtime error.
 ✓ Compiled in 668ms
 ✓ Compiled in 113ms
 ✓ Compiled in 78ms
 ✓ Compiled in 404ms
 ✓ Compiled in 59ms
 ✓ Compiled in 118ms
 ✓ Compiled in 317ms
 ✓ Compiled in 68ms
 ✓ Compiled in 143ms
 ✓ Compiled in 630ms
 ✓ Compiled in 215ms
 ✓ Compiled in 168ms
 ✓ Compiled in 79ms
 ✓ Compiled in 64ms
 ✓ Compiled in 465ms
 ✓ Compiled in 60ms
 ✓ Compiled in 432ms
 ✓ Compiled in 428ms
 ✓ Compiled in 1598ms
 ✓ Compiled in 367ms
Dev bypass enabled: true Path: /api/itunes/lookup
✅ Bypassing auth for development
 ○ Compiling /_not-found/page ...
 ✓ Compiled /_not-found/page in 4.3s
 GET /api/itunes/lookup?id=290051590&country=us 404 in 5724ms
Dev bypass enabled: true Path: /api/itunes/lookup
✅ Bypassing auth for development
 GET /api/itunes/lookup?id=338887129&country=us 404 in 288ms
Dev bypass enabled: true Path: /api/itunes/lookup
✅ Bypassing auth for development
 GET /api/itunes/lookup?id=338887129&country=us 404 in 456ms
Dev bypass enabled: true Path: /api/itunes/lookup
✅ Bypassing auth for development
 GET /api/itunes/lookup?id=6475137430&country=us 404 in 558ms
[?25h
